2024-02-29 10:03:00 Warning: : Unable to locate optional package 'games' - skipping installation
2024-02-29 10:00:00 Information: : Starting Anaconda installation process
2024-02-29 10:00:05 Information: : Detected 2 CPU cores
2024-02-29 10:00:10 Information: : Mounting local installation media
2024-02-29 10:00:15 Information: : Installation source validated successfully
2024-02-29 10:01:00 Information: : Network configuration detected and set up successfully
2024-02-29 10:02:00 Information: : Beginning installation of packages
2024-02-29 10:02:15 Information: : Installed kernel version 5.19.0-1.el8.elpkgs
2024-02-29 10:04:00 Information: : Installation completed successfully
2024-02-29 10:04:05 Information: : Rebooting system in 10 seconds
2024-02-29 10:05:35 Information: : User 'root' logged in successfully
2024-02-29 10:05:40 Information: : Running post-installation configuration scripts
2024-02-29 10:06:00 Information: : Post-installation configuration completed successfully
2024-02-29 10:10:00 Information: : User 'root' ran the 'yum update' command
2024-02-29 10:10:15 Information: : Downloading and installing package updates
2024-02-29 10:11:00 Information: : Package updates installed successfully
2024-02-29 10:15:00 Information: : User 'root' ran the 'firewall-cmd --add-port=80/tcp' command
2024-02-29 10:15:05 Information: : Opening port 80 (TCP) in firewall
2024-02-29 10:15:10 Information: : Firewall configuration updated successfully
2024-02-29 10:20:00 Information: : User 'root' ran the 'reboot' command
